<?xml version="1.0" encoding="UTF-8"?>
<testsuite xmlns:xsi="http://www.w3.org/2001/XMLSchema-instance" xsi:noNamespaceSchemaLocation="https://maven.apache.org/surefire/maven-surefire-plugin/xsd/surefire-test-report-3.0.xsd" version="3.0" name="io.github.arcjun01.centroid_finder.CSVDataWriterTest" time="0.072" tests="2" errors="0" skipped="0" failures="0">
  <properties>
[...]
</properties>
  <testcase name="testSaveCreatesFileWithData" classname="io.github.arcjun01.centroid_finder.CSVDataWriterTest" time="0.067">
    <system-out><![CDATA[File saved: C:\Users\lizaK\AppData\Local\Temp\test_output2131757650509451188.csv
]]></system-out>
  </testcase>
  <testcase name="testEmptyFileStillHasHeader" classname="io.github.arcjun01.centroid_finder.CSVDataWriterTest" time="0.004">
    <system-out><![CDATA[File saved: C:\Users\lizaK\AppData\Local\Temp\test_empty10562106388961700573.csv
]]></system-out>
  </testcase>
</testsuite>